  [1m[36m (1.0ms)[0m  [1mCREATE TABLE "schema_migrations" ("version" varchar(255) NOT NULL) [0m
  [1m[35m (0.1ms)[0m  select sqlite_version(*)
  [1m[36m (0.9ms)[0m  [1mCREATE UNIQUE INDEX "unique_schema_migrations" ON "schema_migrations" ("version")[0m
  [1m[35mActiveRecord::SchemaMigration Load (0.1ms)[0m  SELECT "schema_migrations".* FROM "schema_migrations"
Migrating to CreateQuacks (20150310165753)
  [1m[36m (0.0ms)[0m  [1mbegin transaction[0m
  [1m[35m (0.3ms)[0m  CREATE TABLE "quacks" ("id" INTEGER PRIMARY KEY AUTOINCREMENT NOT NULL, "name" varchar(255), "title" varchar(255), "created_at" datetime, "updated_at" datetime) 
  [1m[36mSQL (0.2ms)[0m  [1mINSERT INTO "schema_migrations" ("version") VALUES (?)[0m  [["version", "20150310165753"]]
  [1m[35m (1.1ms)[0m  commit transaction
  [1m[36mActiveRecord::SchemaMigration Load (0.1ms)[0m  [1mSELECT "schema_migrations".* FROM "schema_migrations"[0m


Started GET "/" for 127.0.0.1 at 2015-03-10 13:16:27 -0400
  [1m[36mActiveRecord::SchemaMigration Load (0.1ms)[0m  [1mSELECT "schema_migrations".* FROM "schema_migrations"[0m
Processing by Rails::WelcomeController#index as HTML
  Rendered /Users/adityanarayan/.rvm/gems/ruby-2.1.0/gems/railties-4.1.8/lib/rails/templates/rails/welcome/index.html.erb (1.4ms)
Completed 200 OK in 35ms (Views: 19.1ms | ActiveRecord: 0.0ms)


Started GET "/" for 127.0.0.1 at 2015-03-10 13:18:45 -0400

SyntaxError (/Users/adityanarayan/RubymineProjects/live_data_app /live_data_app/app/controllers/quacks_controller.rb:79: syntax error, unexpected keyword_end, expecting end-of-input):
  app/controllers/quacks_controller.rb:79: syntax error, unexpected keyword_end, expecting end-of-input


  Rendered /Users/adityanarayan/.rvm/gems/ruby-2.1.0/gems/actionpack-4.1.8/lib/action_dispatch/middleware/templates/rescues/_source.erb (0.6ms)
  Rendered /Users/adityanarayan/.rvm/gems/ruby-2.1.0/gems/actionpack-4.1.8/lib/action_dispatch/middleware/templates/rescues/_trace.html.erb (1.0ms)
  Rendered /Users/adityanarayan/.rvm/gems/ruby-2.1.0/gems/actionpack-4.1.8/lib/action_dispatch/middleware/templates/rescues/_request_and_response.html.erb (1.2ms)
  Rendered /Users/adityanarayan/.rvm/gems/ruby-2.1.0/gems/actionpack-4.1.8/lib/action_dispatch/middleware/templates/rescues/diagnostics.erb within rescues/layout (16.7ms)


Started GET "/" for 127.0.0.1 at 2015-03-10 13:19:03 -0400

SyntaxError (/Users/adityanarayan/RubymineProjects/live_data_app /live_data_app/app/controllers/quacks_controller.rb:9: syntax error, unexpected tSTRING_BEG, expecting =>
      response.stream.write "quack"
                             ^
/Users/adityanarayan/RubymineProjects/live_data_app /live_data_app/app/controllers/quacks_controller.rb:10: syntax error, unexpected '}', expecting keyword_end):
  app/controllers/quacks_controller.rb:9: syntax error, unexpected tSTRING_BEG, expecting =>
  app/controllers/quacks_controller.rb:10: syntax error, unexpected '}', expecting keyword_end


  Rendered /Users/adityanarayan/.rvm/gems/ruby-2.1.0/gems/actionpack-4.1.8/lib/action_dispatch/middleware/templates/rescues/_source.erb (0.6ms)
  Rendered /Users/adityanarayan/.rvm/gems/ruby-2.1.0/gems/actionpack-4.1.8/lib/action_dispatch/middleware/templates/rescues/_trace.html.erb (1.4ms)
  Rendered /Users/adityanarayan/.rvm/gems/ruby-2.1.0/gems/actionpack-4.1.8/lib/action_dispatch/middleware/templates/rescues/_request_and_response.html.erb (1.0ms)
  Rendered /Users/adityanarayan/.rvm/gems/ruby-2.1.0/gems/actionpack-4.1.8/lib/action_dispatch/middleware/templates/rescues/diagnostics.erb within rescues/layout (14.0ms)


Started GET "/" for 127.0.0.1 at 2015-03-10 13:19:20 -0400
Processing by QuacksController#index as HTML
Completed 500 Internal Server Error in 2ms

IOError (closed stream):
  /Users/adityanarayan/.rvm/gems/ruby-2.1.0/gems/actionpack-4.1.8/lib/action_dispatch/http/response.rb:87:in `write'
  /Users/adityanarayan/.rvm/gems/ruby-2.1.0/gems/actionpack-4.1.8/lib/action_controller/metal/live.rb:124:in `write'
  /Users/adityanarayan/.rvm/gems/ruby-2.1.0/gems/actionpack-4.1.8/lib/action_controller/metal/live.rb:233:in `rescue in block in process'
  /Users/adityanarayan/.rvm/gems/ruby-2.1.0/gems/actionpack-4.1.8/lib/action_controller/metal/live.rb:246:in `block in process'



IOError (closed stream):
  /Users/adityanarayan/.rvm/gems/ruby-2.1.0/gems/actionpack-4.1.8/lib/action_dispatch/http/response.rb:87:in `write'
  /Users/adityanarayan/.rvm/gems/ruby-2.1.0/gems/actionpack-4.1.8/lib/action_controller/metal/live.rb:124:in `write'
  /Users/adityanarayan/RubymineProjects/live_data_app /live_data_app/app/controllers/quacks_controller.rb:9:in `block in index'
  /Users/adityanarayan/RubymineProjects/live_data_app /live_data_app/app/controllers/quacks_controller.rb:8:in `times'
  /Users/adityanarayan/RubymineProjects/live_data_app /live_data_app/app/controllers/quacks_controller.rb:8:in `index'
  /Users/adityanarayan/.rvm/gems/ruby-2.1.0/gems/actionpack-4.1.8/lib/action_controller/metal/implicit_render.rb:4:in `send_action'
  /Users/adityanarayan/.rvm/gems/ruby-2.1.0/gems/actionpack-4.1.8/lib/abstract_controller/base.rb:189:in `process_action'
  /Users/adityanarayan/.rvm/gems/ruby-2.1.0/gems/actionpack-4.1.8/lib/action_controller/metal/rendering.rb:10:in `process_action'
  /Users/adityanarayan/.rvm/gems/ruby-2.1.0/gems/actionpack-4.1.8/lib/abstract_controller/callbacks.rb:20:in `block in process_action'
  /Users/adityanarayan/.rvm/gems/ruby-2.1.0/gems/activesupport-4.1.8/lib/active_support/callbacks.rb:113:in `call'
  /Users/adityanarayan/.rvm/gems/ruby-2.1.0/gems/activesupport-4.1.8/lib/active_support/callbacks.rb:113:in `call'
  /Users/adityanarayan/.rvm/gems/ruby-2.1.0/gems/activesupport-4.1.8/lib/active_support/callbacks.rb:149:in `block in halting_and_conditional'
  /Users/adityanarayan/.rvm/gems/ruby-2.1.0/gems/activesupport-4.1.8/lib/active_support/callbacks.rb:229:in `call'
  /Users/adityanarayan/.rvm/gems/ruby-2.1.0/gems/activesupport-4.1.8/lib/active_support/callbacks.rb:229:in `block in halting'
  /Users/adityanarayan/.rvm/gems/ruby-2.1.0/gems/activesupport-4.1.8/lib/active_support/callbacks.rb:229:in `call'
  /Users/adityanarayan/.rvm/gems/ruby-2.1.0/gems/activesupport-4.1.8/lib/active_support/callbacks.rb:229:in `block in halting'
  /Users/adityanarayan/.rvm/gems/ruby-2.1.0/gems/activesupport-4.1.8/lib/active_support/callbacks.rb:166:in `call'
  /Users/adityanarayan/.rvm/gems/ruby-2.1.0/gems/activesupport-4.1.8/lib/active_support/callbacks.rb:166:in `block in halting'
  /Users/adityanarayan/.rvm/gems/ruby-2.1.0/gems/activesupport-4.1.8/lib/active_support/callbacks.rb:166:in `call'
  /Users/adityanarayan/.rvm/gems/ruby-2.1.0/gems/activesupport-4.1.8/lib/active_support/callbacks.rb:166:in `block in halting'
  /Users/adityanarayan/.rvm/gems/ruby-2.1.0/gems/activesupport-4.1.8/lib/active_support/callbacks.rb:166:in `call'
  /Users/adityanarayan/.rvm/gems/ruby-2.1.0/gems/activesupport-4.1.8/lib/active_support/callbacks.rb:166:in `block in halting'
  /Users/adityanarayan/.rvm/gems/ruby-2.1.0/gems/activesupport-4.1.8/lib/active_support/callbacks.rb:86:in `call'
  /Users/adityanarayan/.rvm/gems/ruby-2.1.0/gems/activesupport-4.1.8/lib/active_support/callbacks.rb:86:in `run_callbacks'
  /Users/adityanarayan/.rvm/gems/ruby-2.1.0/gems/actionpack-4.1.8/lib/abstract_controller/callbacks.rb:19:in `process_action'
  /Users/adityanarayan/.rvm/gems/ruby-2.1.0/gems/actionpack-4.1.8/lib/action_controller/metal/rescue.rb:29:in `process_action'
  /Users/adityanarayan/.rvm/gems/ruby-2.1.0/gems/actionpack-4.1.8/lib/action_controller/metal/instrumentation.rb:31:in `block in process_action'
  /Users/adityanarayan/.rvm/gems/ruby-2.1.0/gems/activesupport-4.1.8/lib/active_support/notifications.rb:159:in `block in instrument'
  /Users/adityanarayan/.rvm/gems/ruby-2.1.0/gems/activesupport-4.1.8/lib/active_support/notifications/instrumenter.rb:20:in `instrument'
  /Users/adityanarayan/.rvm/gems/ruby-2.1.0/gems/activesupport-4.1.8/lib/active_support/notifications.rb:159:in `instrument'
  /Users/adityanarayan/.rvm/gems/ruby-2.1.0/gems/actionpack-4.1.8/lib/action_controller/metal/instrumentation.rb:30:in `process_action'
  /Users/adityanarayan/.rvm/gems/ruby-2.1.0/gems/actionpack-4.1.8/lib/action_controller/metal/params_wrapper.rb:250:in `process_action'
  /Users/adityanarayan/.rvm/gems/ruby-2.1.0/gems/activerecord-4.1.8/lib/active_record/railties/controller_runtime.rb:18:in `process_action'
  /Users/adityanarayan/.rvm/gems/ruby-2.1.0/gems/actionpack-4.1.8/lib/abstract_controller/base.rb:136:in `process'
  /Users/adityanarayan/.rvm/gems/ruby-2.1.0/gems/actionview-4.1.8/lib/action_view/rendering.rb:30:in `process'
  /Users/adityanarayan/.rvm/gems/ruby-2.1.0/gems/actionpack-4.1.8/lib/action_controller/metal/live.rb:229:in `block in process'




Started GET "/" for 127.0.0.1 at 2015-03-10 13:19:30 -0400
Processing by QuacksController#index as HTML
Completed   in 1599368ms


Started GET "/" for 127.0.0.1 at 2015-03-10 13:46:43 -0400
  [1m[36mActiveRecord::SchemaMigration Load (0.1ms)[0m  [1mSELECT "schema_migrations".* FROM "schema_migrations"[0m
Processing by QuacksController#index as */*
Completed 200 OK in 521595ms (ActiveRecord: 0.0ms)


Started GET "/" for 127.0.0.1 at 2015-03-10 14:00:05 -0400
  [1m[36mActiveRecord::SchemaMigration Load (0.1ms)[0m  [1mSELECT "schema_migrations".* FROM "schema_migrations"[0m

SyntaxError (/Users/adityanarayan/RubymineProjects/live_data_app /live_data_app/app/controllers/quacks_controller.rb:106: syntax error, unexpected end-of-input, expecting keyword_end):
  app/controllers/quacks_controller.rb:106: syntax error, unexpected end-of-input, expecting keyword_end


  Rendered /Users/adityanarayan/.rvm/gems/ruby-2.1.0/gems/actionpack-4.1.8/lib/action_dispatch/middleware/templates/rescues/_source.erb (0.6ms)
  Rendered /Users/adityanarayan/.rvm/gems/ruby-2.1.0/gems/actionpack-4.1.8/lib/action_dispatch/middleware/templates/rescues/_trace.html.erb (1.0ms)
  Rendered /Users/adityanarayan/.rvm/gems/ruby-2.1.0/gems/actionpack-4.1.8/lib/action_dispatch/middleware/templates/rescues/_request_and_response.html.erb (15.0ms)
  Rendered /Users/adityanarayan/.rvm/gems/ruby-2.1.0/gems/actionpack-4.1.8/lib/action_dispatch/middleware/templates/rescues/diagnostics.erb within rescues/layout (33.0ms)


Started GET "/" for 127.0.0.1 at 2015-03-10 14:05:00 -0400

SyntaxError (/Users/adityanarayan/RubymineProjects/live_data_app /live_data_app/app/controllers/quacks_controller.rb:94: syntax error, unexpected end-of-input, expecting keyword_end):
  app/controllers/quacks_controller.rb:94: syntax error, unexpected end-of-input, expecting keyword_end


  Rendered /Users/adityanarayan/.rvm/gems/ruby-2.1.0/gems/actionpack-4.1.8/lib/action_dispatch/middleware/templates/rescues/_source.erb (0.6ms)
  Rendered /Users/adityanarayan/.rvm/gems/ruby-2.1.0/gems/actionpack-4.1.8/lib/action_dispatch/middleware/templates/rescues/_trace.html.erb (1.3ms)
  Rendered /Users/adityanarayan/.rvm/gems/ruby-2.1.0/gems/actionpack-4.1.8/lib/action_dispatch/middleware/templates/rescues/_request_and_response.html.erb (1.0ms)
  Rendered /Users/adityanarayan/.rvm/gems/ruby-2.1.0/gems/actionpack-4.1.8/lib/action_dispatch/middleware/templates/rescues/diagnostics.erb within rescues/layout (14.9ms)


Started GET "/" for 127.0.0.1 at 2015-03-10 14:05:58 -0400

SyntaxError (/Users/adityanarayan/RubymineProjects/live_data_app /live_data_app/app/controllers/quacks_controller.rb:94: syntax error, unexpected end-of-input, expecting keyword_end):
  app/controllers/quacks_controller.rb:94: syntax error, unexpected end-of-input, expecting keyword_end


  Rendered /Users/adityanarayan/.rvm/gems/ruby-2.1.0/gems/actionpack-4.1.8/lib/action_dispatch/middleware/templates/rescues/_source.erb (0.6ms)
  Rendered /Users/adityanarayan/.rvm/gems/ruby-2.1.0/gems/actionpack-4.1.8/lib/action_dispatch/middleware/templates/rescues/_trace.html.erb (1.1ms)
  Rendered /Users/adityanarayan/.rvm/gems/ruby-2.1.0/gems/actionpack-4.1.8/lib/action_dispatch/middleware/templates/rescues/_request_and_response.html.erb (0.8ms)
  Rendered /Users/adityanarayan/.rvm/gems/ruby-2.1.0/gems/actionpack-4.1.8/lib/action_dispatch/middleware/templates/rescues/diagnostics.erb within rescues/layout (14.0ms)


Started GET "/" for 127.0.0.1 at 2015-03-10 14:06:46 -0400
Processing by QuacksController#index as */*
Completed   in 57590ms
