# Logfile created on 2015-03-10 12:57:28 -0400 by logger.rb/44203
I, [2015-03-10T12:57:28.104310 #5590]  INFO -- : 0:  rake (10.4.2) from /Users/adityanarayan/.rvm/gems/ruby-2.1.0/specifications/rake-10.4.2.gemspec
I, [2015-03-10T12:57:28.104634 #5590]  INFO -- : 0:  i18n (0.7.0) from /Users/adityanarayan/.rvm/gems/ruby-2.1.0/specifications/i18n-0.7.0.gemspec
I, [2015-03-10T12:57:28.104903 #5590]  INFO -- : 0:  json (1.8.2) from /Users/adityanarayan/.rvm/gems/ruby-2.1.0/specifications/json-1.8.2.gemspec
I, [2015-03-10T12:57:28.105160 #5590]  INFO -- : 0:  minitest (5.5.1) from /Users/adityanarayan/.rvm/gems/ruby-2.1.0/specifications/minitest-5.5.1.gemspec
I, [2015-03-10T12:57:28.105413 #5590]  INFO -- : 0:  thread_safe (0.3.4) from /Users/adityanarayan/.rvm/gems/ruby-2.1.0/specifications/thread_safe-0.3.4.gemspec
I, [2015-03-10T12:57:28.105661 #5590]  INFO -- : 0:  tzinfo (1.2.2) from /Users/adityanarayan/.rvm/gems/ruby-2.1.0/specifications/tzinfo-1.2.2.gemspec
I, [2015-03-10T12:57:28.105906 #5590]  INFO -- : 0:  activesupport (4.1.8) from /Users/adityanarayan/.rvm/gems/ruby-2.1.0/specifications/activesupport-4.1.8.gemspec
I, [2015-03-10T12:57:28.106164 #5590]  INFO -- : 0:  builder (3.2.2) from /Users/adityanarayan/.rvm/gems/ruby-2.1.0/specifications/builder-3.2.2.gemspec
I, [2015-03-10T12:57:28.106433 #5590]  INFO -- : 0:  erubis (2.7.0) from /Users/adityanarayan/.rvm/gems/ruby-2.1.0/specifications/erubis-2.7.0.gemspec
I, [2015-03-10T12:57:28.106671 #5590]  INFO -- : 0:  actionview (4.1.8) from /Users/adityanarayan/.rvm/gems/ruby-2.1.0/specifications/actionview-4.1.8.gemspec
I, [2015-03-10T12:57:28.106899 #5590]  INFO -- : 0:  rack (1.5.2) from /Users/adityanarayan/.rvm/gems/ruby-2.1.0/specifications/rack-1.5.2.gemspec
I, [2015-03-10T12:57:28.107136 #5590]  INFO -- : 0:  rack-test (0.6.3) from /Users/adityanarayan/.rvm/gems/ruby-2.1.0/specifications/rack-test-0.6.3.gemspec
I, [2015-03-10T12:57:28.107438 #5590]  INFO -- : 0:  actionpack (4.1.8) from /Users/adityanarayan/.rvm/gems/ruby-2.1.0/specifications/actionpack-4.1.8.gemspec
I, [2015-03-10T12:57:28.107690 #5590]  INFO -- : 0:  mime-types (2.4.3) from /Users/adityanarayan/.rvm/gems/ruby-2.1.0/specifications/mime-types-2.4.3.gemspec
I, [2015-03-10T12:57:28.107931 #5590]  INFO -- : 0:  mail (2.6.3) from /Users/adityanarayan/.rvm/gems/ruby-2.1.0/specifications/mail-2.6.3.gemspec
I, [2015-03-10T12:57:28.108200 #5590]  INFO -- : 0:  actionmailer (4.1.8) from /Users/adityanarayan/.rvm/gems/ruby-2.1.0/specifications/actionmailer-4.1.8.gemspec
I, [2015-03-10T12:57:28.108459 #5590]  INFO -- : 0:  activemodel (4.1.8) from /Users/adityanarayan/.rvm/gems/ruby-2.1.0/specifications/activemodel-4.1.8.gemspec
I, [2015-03-10T12:57:28.108712 #5590]  INFO -- : 0:  arel (5.0.1.20140414130214) from /Users/adityanarayan/.rvm/gems/ruby-2.1.0/specifications/arel-5.0.1.20140414130214.gemspec
I, [2015-03-10T12:57:28.108976 #5590]  INFO -- : 0:  activerecord (4.1.8) from /Users/adityanarayan/.rvm/gems/ruby-2.1.0/specifications/activerecord-4.1.8.gemspec
I, [2015-03-10T12:57:28.109211 #5590]  INFO -- : 0:  bundler (1.5.1) from /Users/adityanarayan/.rvm/gems/ruby-2.1.0@global/specifications/bundler-1.5.1.gemspec
I, [2015-03-10T12:57:28.109469 #5590]  INFO -- : 0:  coffee-script-source (1.9.1) from /Users/adityanarayan/.rvm/gems/ruby-2.1.0/specifications/coffee-script-source-1.9.1.gemspec
I, [2015-03-10T12:57:28.109730 #5590]  INFO -- : 0:  execjs (2.4.0) from /Users/adityanarayan/.rvm/gems/ruby-2.1.0/specifications/execjs-2.4.0.gemspec
I, [2015-03-10T12:57:28.109981 #5590]  INFO -- : 0:  coffee-script (2.3.0) from /Users/adityanarayan/.rvm/gems/ruby-2.1.0/specifications/coffee-script-2.3.0.gemspec
I, [2015-03-10T12:57:28.110253 #5590]  INFO -- : 0:  thor (0.19.1) from /Users/adityanarayan/.rvm/gems/ruby-2.1.0/specifications/thor-0.19.1.gemspec
I, [2015-03-10T12:57:28.110511 #5590]  INFO -- : 0:  railties (4.1.8) from /Users/adityanarayan/.rvm/gems/ruby-2.1.0/specifications/railties-4.1.8.gemspec
I, [2015-03-10T12:57:28.110760 #5590]  INFO -- : 0:  coffee-rails (4.0.1) from /Users/adityanarayan/.rvm/gems/ruby-2.1.0/specifications/coffee-rails-4.0.1.gemspec
I, [2015-03-10T12:57:28.111018 #5590]  INFO -- : 0:  hike (1.2.3) from /Users/adityanarayan/.rvm/gems/ruby-2.1.0/specifications/hike-1.2.3.gemspec
I, [2015-03-10T12:57:28.111271 #5590]  INFO -- : 0:  multi_json (1.11.0) from /Users/adityanarayan/.rvm/gems/ruby-2.1.0/specifications/multi_json-1.11.0.gemspec
I, [2015-03-10T12:57:30.491753 #5590]  INFO -- : 0:  jbuilder (2.2.11) from /Users/adityanarayan/.rvm/gems/ruby-2.1.0/specifications/jbuilder-2.2.11.gemspec
I, [2015-03-10T12:57:30.492103 #5590]  INFO -- : 0:  jquery-rails (3.1.2) from /Users/adityanarayan/.rvm/gems/ruby-2.1.0/specifications/jquery-rails-3.1.2.gemspec
I, [2015-03-10T12:57:30.492371 #5590]  INFO -- : 0:  tilt (1.4.1) from /Users/adityanarayan/.rvm/gems/ruby-2.1.0/specifications/tilt-1.4.1.gemspec
I, [2015-03-10T12:57:30.492650 #5590]  INFO -- : 0:  sprockets (2.12.3) from /Users/adityanarayan/.rvm/gems/ruby-2.1.0/specifications/sprockets-2.12.3.gemspec
I, [2015-03-10T12:57:30.492951 #5590]  INFO -- : 0:  sprockets-rails (2.2.4) from /Users/adityanarayan/.rvm/gems/ruby-2.1.0/specifications/sprockets-rails-2.2.4.gemspec
I, [2015-03-10T12:57:30.493217 #5590]  INFO -- : 0:  rails (4.1.8) from /Users/adityanarayan/.rvm/gems/ruby-2.1.0/specifications/rails-4.1.8.gemspec
I, [2015-03-10T12:57:30.493467 #5590]  INFO -- : 0:  rdoc (4.2.0) from /Users/adityanarayan/.rvm/gems/ruby-2.1.0/specifications/rdoc-4.2.0.gemspec
I, [2015-03-10T12:57:30.493709 #5590]  INFO -- : 0:  sass (3.2.19) from /Users/adityanarayan/.rvm/gems/ruby-2.1.0/specifications/sass-3.2.19.gemspec
I, [2015-03-10T12:57:30.493960 #5590]  INFO -- : 0:  sass-rails (4.0.5) from /Users/adityanarayan/.rvm/gems/ruby-2.1.0/specifications/sass-rails-4.0.5.gemspec
I, [2015-03-10T12:57:30.494256 #5590]  INFO -- : 0:  sdoc (0.4.1) from /Users/adityanarayan/.rvm/gems/ruby-2.1.0/specifications/sdoc-0.4.1.gemspec
I, [2015-03-10T12:57:33.799107 #5590]  INFO -- : 0:  spring (1.3.3) from /Users/adityanarayan/.rvm/gems/ruby-2.1.0/specifications/spring-1.3.3.gemspec
I, [2015-03-10T12:57:33.799430 #5590]  INFO -- : 0:  sqlite3 (1.3.10) from /Users/adityanarayan/.rvm/gems/ruby-2.1.0/specifications/sqlite3-1.3.10.gemspec
I, [2015-03-10T12:57:33.799700 #5590]  INFO -- : 0:  turbolinks (2.5.3) from /Users/adityanarayan/.rvm/gems/ruby-2.1.0/specifications/turbolinks-2.5.3.gemspec
I, [2015-03-10T12:57:33.799969 #5590]  INFO -- : 0:  uglifier (2.7.1) from /Users/adityanarayan/.rvm/gems/ruby-2.1.0/specifications/uglifier-2.7.1.gemspec
I, [2015-03-10T13:13:44.748153 #5623]  INFO -- : 0:  rake (10.4.2) from /Users/adityanarayan/.rvm/gems/ruby-2.1.0/specifications/rake-10.4.2.gemspec
I, [2015-03-10T13:13:44.748489 #5623]  INFO -- : 0:  i18n (0.7.0) from /Users/adityanarayan/.rvm/gems/ruby-2.1.0/specifications/i18n-0.7.0.gemspec
I, [2015-03-10T13:13:44.748739 #5623]  INFO -- : 0:  json (1.8.2) from /Users/adityanarayan/.rvm/gems/ruby-2.1.0/specifications/json-1.8.2.gemspec
I, [2015-03-10T13:13:44.748983 #5623]  INFO -- : 0:  minitest (5.5.1) from /Users/adityanarayan/.rvm/gems/ruby-2.1.0/specifications/minitest-5.5.1.gemspec
I, [2015-03-10T13:13:44.749219 #5623]  INFO -- : 0:  thread_safe (0.3.4) from /Users/adityanarayan/.rvm/gems/ruby-2.1.0/specifications/thread_safe-0.3.4.gemspec
I, [2015-03-10T13:13:44.749508 #5623]  INFO -- : 0:  tzinfo (1.2.2) from /Users/adityanarayan/.rvm/gems/ruby-2.1.0/specifications/tzinfo-1.2.2.gemspec
I, [2015-03-10T13:13:44.749790 #5623]  INFO -- : 0:  activesupport (4.1.8) from /Users/adityanarayan/.rvm/gems/ruby-2.1.0/specifications/activesupport-4.1.8.gemspec
I, [2015-03-10T13:13:44.750054 #5623]  INFO -- : 0:  builder (3.2.2) from /Users/adityanarayan/.rvm/gems/ruby-2.1.0/specifications/builder-3.2.2.gemspec
I, [2015-03-10T13:13:44.750327 #5623]  INFO -- : 0:  erubis (2.7.0) from /Users/adityanarayan/.rvm/gems/ruby-2.1.0/specifications/erubis-2.7.0.gemspec
I, [2015-03-10T13:13:44.750590 #5623]  INFO -- : 0:  actionview (4.1.8) from /Users/adityanarayan/.rvm/gems/ruby-2.1.0/specifications/actionview-4.1.8.gemspec
I, [2015-03-10T13:13:44.750832 #5623]  INFO -- : 0:  rack (1.5.2) from /Users/adityanarayan/.rvm/gems/ruby-2.1.0/specifications/rack-1.5.2.gemspec
I, [2015-03-10T13:13:44.751134 #5623]  INFO -- : 0:  rack-test (0.6.3) from /Users/adityanarayan/.rvm/gems/ruby-2.1.0/specifications/rack-test-0.6.3.gemspec
I, [2015-03-10T13:13:44.751417 #5623]  INFO -- : 0:  actionpack (4.1.8) from /Users/adityanarayan/.rvm/gems/ruby-2.1.0/specifications/actionpack-4.1.8.gemspec
I, [2015-03-10T13:13:44.751674 #5623]  INFO -- : 0:  mime-types (2.4.3) from /Users/adityanarayan/.rvm/gems/ruby-2.1.0/specifications/mime-types-2.4.3.gemspec
I, [2015-03-10T13:13:44.751931 #5623]  INFO -- : 0:  mail (2.6.3) from /Users/adityanarayan/.rvm/gems/ruby-2.1.0/specifications/mail-2.6.3.gemspec
I, [2015-03-10T13:13:44.752198 #5623]  INFO -- : 0:  actionmailer (4.1.8) from /Users/adityanarayan/.rvm/gems/ruby-2.1.0/specifications/actionmailer-4.1.8.gemspec
I, [2015-03-10T13:13:44.752467 #5623]  INFO -- : 0:  activemodel (4.1.8) from /Users/adityanarayan/.rvm/gems/ruby-2.1.0/specifications/activemodel-4.1.8.gemspec
I, [2015-03-10T13:13:44.752727 #5623]  INFO -- : 0:  arel (5.0.1.20140414130214) from /Users/adityanarayan/.rvm/gems/ruby-2.1.0/specifications/arel-5.0.1.20140414130214.gemspec
I, [2015-03-10T13:13:44.752994 #5623]  INFO -- : 0:  activerecord (4.1.8) from /Users/adityanarayan/.rvm/gems/ruby-2.1.0/specifications/activerecord-4.1.8.gemspec
I, [2015-03-10T13:13:44.753234 #5623]  INFO -- : 0:  bundler (1.5.1) from /Users/adityanarayan/.rvm/gems/ruby-2.1.0@global/specifications/bundler-1.5.1.gemspec
I, [2015-03-10T13:13:44.753493 #5623]  INFO -- : 0:  coffee-script-source (1.9.1) from /Users/adityanarayan/.rvm/gems/ruby-2.1.0/specifications/coffee-script-source-1.9.1.gemspec
I, [2015-03-10T13:13:44.753775 #5623]  INFO -- : 0:  execjs (2.4.0) from /Users/adityanarayan/.rvm/gems/ruby-2.1.0/specifications/execjs-2.4.0.gemspec
I, [2015-03-10T13:13:44.754030 #5623]  INFO -- : 0:  coffee-script (2.3.0) from /Users/adityanarayan/.rvm/gems/ruby-2.1.0/specifications/coffee-script-2.3.0.gemspec
I, [2015-03-10T13:13:44.754284 #5623]  INFO -- : 0:  thor (0.19.1) from /Users/adityanarayan/.rvm/gems/ruby-2.1.0/specifications/thor-0.19.1.gemspec
I, [2015-03-10T13:13:44.754578 #5623]  INFO -- : 0:  railties (4.1.8) from /Users/adityanarayan/.rvm/gems/ruby-2.1.0/specifications/railties-4.1.8.gemspec
I, [2015-03-10T13:13:44.754836 #5623]  INFO -- : 0:  coffee-rails (4.0.1) from /Users/adityanarayan/.rvm/gems/ruby-2.1.0/specifications/coffee-rails-4.0.1.gemspec
I, [2015-03-10T13:13:47.759348 #5623]  INFO -- : 0:  daemons (1.1.9) from /Users/adityanarayan/.rvm/gems/ruby-2.1.0/specifications/daemons-1.1.9.gemspec
I, [2015-03-10T13:14:00.977731 #5623]  INFO -- : 0:  eventmachine (1.0.7) from /Users/adityanarayan/.rvm/gems/ruby-2.1.0/specifications/eventmachine-1.0.7.gemspec
I, [2015-03-10T13:14:00.978285 #5623]  INFO -- : 0:  hike (1.2.3) from /Users/adityanarayan/.rvm/gems/ruby-2.1.0/specifications/hike-1.2.3.gemspec
I, [2015-03-10T13:14:00.978601 #5623]  INFO -- : 0:  multi_json (1.11.0) from /Users/adityanarayan/.rvm/gems/ruby-2.1.0/specifications/multi_json-1.11.0.gemspec
I, [2015-03-10T13:14:00.978890 #5623]  INFO -- : 0:  jbuilder (2.2.11) from /Users/adityanarayan/.rvm/gems/ruby-2.1.0/specifications/jbuilder-2.2.11.gemspec
I, [2015-03-10T13:14:00.979181 #5623]  INFO -- : 0:  jquery-rails (3.1.2) from /Users/adityanarayan/.rvm/gems/ruby-2.1.0/specifications/jquery-rails-3.1.2.gemspec
I, [2015-03-10T13:14:00.979459 #5623]  INFO -- : 0:  tilt (1.4.1) from /Users/adityanarayan/.rvm/gems/ruby-2.1.0/specifications/tilt-1.4.1.gemspec
I, [2015-03-10T13:14:00.979758 #5623]  INFO -- : 0:  sprockets (2.12.3) from /Users/adityanarayan/.rvm/gems/ruby-2.1.0/specifications/sprockets-2.12.3.gemspec
I, [2015-03-10T13:14:00.980050 #5623]  INFO -- : 0:  sprockets-rails (2.2.4) from /Users/adityanarayan/.rvm/gems/ruby-2.1.0/specifications/sprockets-rails-2.2.4.gemspec
I, [2015-03-10T13:14:00.980329 #5623]  INFO -- : 0:  rails (4.1.8) from /Users/adityanarayan/.rvm/gems/ruby-2.1.0/specifications/rails-4.1.8.gemspec
I, [2015-03-10T13:14:03.433847 #5623]  INFO -- : 0:  rb-fsevent (0.9.4) from /Users/adityanarayan/.rvm/gems/ruby-2.1.0/specifications/rb-fsevent-0.9.4.gemspec
I, [2015-03-10T13:14:03.434195 #5623]  INFO -- : 0:  rdoc (4.2.0) from /Users/adityanarayan/.rvm/gems/ruby-2.1.0/specifications/rdoc-4.2.0.gemspec
I, [2015-03-10T13:14:03.434467 #5623]  INFO -- : 0:  sass (3.2.19) from /Users/adityanarayan/.rvm/gems/ruby-2.1.0/specifications/sass-3.2.19.gemspec
I, [2015-03-10T13:14:03.434731 #5623]  INFO -- : 0:  sass-rails (4.0.5) from /Users/adityanarayan/.rvm/gems/ruby-2.1.0/specifications/sass-rails-4.0.5.gemspec
I, [2015-03-10T13:14:03.434974 #5623]  INFO -- : 0:  sdoc (0.4.1) from /Users/adityanarayan/.rvm/gems/ruby-2.1.0/specifications/sdoc-0.4.1.gemspec
I, [2015-03-10T13:14:03.435202 #5623]  INFO -- : 0:  spring (1.3.3) from /Users/adityanarayan/.rvm/gems/ruby-2.1.0/specifications/spring-1.3.3.gemspec
I, [2015-03-10T13:14:03.435440 #5623]  INFO -- : 0:  sqlite3 (1.3.10) from /Users/adityanarayan/.rvm/gems/ruby-2.1.0/specifications/sqlite3-1.3.10.gemspec
I, [2015-03-10T13:14:05.931598 #5623]  INFO -- : 0:  thin (1.6.3) from /Users/adityanarayan/.rvm/gems/ruby-2.1.0/specifications/thin-1.6.3.gemspec
I, [2015-03-10T13:14:05.932103 #5623]  INFO -- : 0:  turbolinks (2.5.3) from /Users/adityanarayan/.rvm/gems/ruby-2.1.0/specifications/turbolinks-2.5.3.gemspec
I, [2015-03-10T13:14:05.932434 #5623]  INFO -- : 0:  uglifier (2.7.1) from /Users/adityanarayan/.rvm/gems/ruby-2.1.0/specifications/uglifier-2.7.1.gemspec
I, [2015-03-10T13:15:10.655217 #6152]  INFO -- : 0:  rake (10.4.2) from /Users/adityanarayan/.rvm/gems/ruby-2.1.0/specifications/rake-10.4.2.gemspec
I, [2015-03-10T13:15:10.655609 #6152]  INFO -- : 0:  i18n (0.7.0) from /Users/adityanarayan/.rvm/gems/ruby-2.1.0/specifications/i18n-0.7.0.gemspec
I, [2015-03-10T13:15:10.655883 #6152]  INFO -- : 0:  json (1.8.2) from /Users/adityanarayan/.rvm/gems/ruby-2.1.0/specifications/json-1.8.2.gemspec
I, [2015-03-10T13:15:10.656158 #6152]  INFO -- : 0:  minitest (5.5.1) from /Users/adityanarayan/.rvm/gems/ruby-2.1.0/specifications/minitest-5.5.1.gemspec
I, [2015-03-10T13:15:10.656428 #6152]  INFO -- : 0:  thread_safe (0.3.4) from /Users/adityanarayan/.rvm/gems/ruby-2.1.0/specifications/thread_safe-0.3.4.gemspec
I, [2015-03-10T13:15:10.656709 #6152]  INFO -- : 0:  tzinfo (1.2.2) from /Users/adityanarayan/.rvm/gems/ruby-2.1.0/specifications/tzinfo-1.2.2.gemspec
I, [2015-03-10T13:15:10.656986 #6152]  INFO -- : 0:  activesupport (4.1.8) from /Users/adityanarayan/.rvm/gems/ruby-2.1.0/specifications/activesupport-4.1.8.gemspec
I, [2015-03-10T13:15:10.657267 #6152]  INFO -- : 0:  builder (3.2.2) from /Users/adityanarayan/.rvm/gems/ruby-2.1.0/specifications/builder-3.2.2.gemspec
I, [2015-03-10T13:15:10.657520 #6152]  INFO -- : 0:  erubis (2.7.0) from /Users/adityanarayan/.rvm/gems/ruby-2.1.0/specifications/erubis-2.7.0.gemspec
I, [2015-03-10T13:15:10.657791 #6152]  INFO -- : 0:  actionview (4.1.8) from /Users/adityanarayan/.rvm/gems/ruby-2.1.0/specifications/actionview-4.1.8.gemspec
I, [2015-03-10T13:15:10.658046 #6152]  INFO -- : 0:  rack (1.5.2) from /Users/adityanarayan/.rvm/gems/ruby-2.1.0/specifications/rack-1.5.2.gemspec
I, [2015-03-10T13:15:10.658354 #6152]  INFO -- : 0:  rack-test (0.6.3) from /Users/adityanarayan/.rvm/gems/ruby-2.1.0/specifications/rack-test-0.6.3.gemspec
I, [2015-03-10T13:15:10.658604 #6152]  INFO -- : 0:  actionpack (4.1.8) from /Users/adityanarayan/.rvm/gems/ruby-2.1.0/specifications/actionpack-4.1.8.gemspec
I, [2015-03-10T13:15:10.658874 #6152]  INFO -- : 0:  mime-types (2.4.3) from /Users/adityanarayan/.rvm/gems/ruby-2.1.0/specifications/mime-types-2.4.3.gemspec
I, [2015-03-10T13:15:10.659153 #6152]  INFO -- : 0:  mail (2.6.3) from /Users/adityanarayan/.rvm/gems/ruby-2.1.0/specifications/mail-2.6.3.gemspec
I, [2015-03-10T13:15:10.659407 #6152]  INFO -- : 0:  actionmailer (4.1.8) from /Users/adityanarayan/.rvm/gems/ruby-2.1.0/specifications/actionmailer-4.1.8.gemspec
I, [2015-03-10T13:15:10.659689 #6152]  INFO -- : 0:  activemodel (4.1.8) from /Users/adityanarayan/.rvm/gems/ruby-2.1.0/specifications/activemodel-4.1.8.gemspec
I, [2015-03-10T13:15:10.659979 #6152]  INFO -- : 0:  arel (5.0.1.20140414130214) from /Users/adityanarayan/.rvm/gems/ruby-2.1.0/specifications/arel-5.0.1.20140414130214.gemspec
I, [2015-03-10T13:15:10.660233 #6152]  INFO -- : 0:  activerecord (4.1.8) from /Users/adityanarayan/.rvm/gems/ruby-2.1.0/specifications/activerecord-4.1.8.gemspec
I, [2015-03-10T13:15:10.660477 #6152]  INFO -- : 0:  bundler (1.5.1) from /Users/adityanarayan/.rvm/gems/ruby-2.1.0@global/specifications/bundler-1.5.1.gemspec
I, [2015-03-10T13:15:10.660755 #6152]  INFO -- : 0:  coffee-script-source (1.9.1) from /Users/adityanarayan/.rvm/gems/ruby-2.1.0/specifications/coffee-script-source-1.9.1.gemspec
I, [2015-03-10T13:15:10.661041 #6152]  INFO -- : 0:  execjs (2.4.0) from /Users/adityanarayan/.rvm/gems/ruby-2.1.0/specifications/execjs-2.4.0.gemspec
I, [2015-03-10T13:15:10.661297 #6152]  INFO -- : 0:  coffee-script (2.3.0) from /Users/adityanarayan/.rvm/gems/ruby-2.1.0/specifications/coffee-script-2.3.0.gemspec
I, [2015-03-10T13:15:10.661559 #6152]  INFO -- : 0:  thor (0.19.1) from /Users/adityanarayan/.rvm/gems/ruby-2.1.0/specifications/thor-0.19.1.gemspec
I, [2015-03-10T13:15:10.661833 #6152]  INFO -- : 0:  railties (4.1.8) from /Users/adityanarayan/.rvm/gems/ruby-2.1.0/specifications/railties-4.1.8.gemspec
I, [2015-03-10T13:15:10.662103 #6152]  INFO -- : 0:  coffee-rails (4.0.1) from /Users/adityanarayan/.rvm/gems/ruby-2.1.0/specifications/coffee-rails-4.0.1.gemspec
I, [2015-03-10T13:15:10.662354 #6152]  INFO -- : 0:  hike (1.2.3) from /Users/adityanarayan/.rvm/gems/ruby-2.1.0/specifications/hike-1.2.3.gemspec
I, [2015-03-10T13:15:10.662616 #6152]  INFO -- : 0:  multi_json (1.11.0) from /Users/adityanarayan/.rvm/gems/ruby-2.1.0/specifications/multi_json-1.11.0.gemspec
I, [2015-03-10T13:15:10.662880 #6152]  INFO -- : 0:  jbuilder (2.2.11) from /Users/adityanarayan/.rvm/gems/ruby-2.1.0/specifications/jbuilder-2.2.11.gemspec
I, [2015-03-10T13:15:10.663138 #6152]  INFO -- : 0:  jquery-rails (3.1.2) from /Users/adityanarayan/.rvm/gems/ruby-2.1.0/specifications/jquery-rails-3.1.2.gemspec
I, [2015-03-10T13:15:15.557052 #6152]  INFO -- : 0:  puma (2.11.1) from /Users/adityanarayan/.rvm/gems/ruby-2.1.0/specifications/puma-2.11.1.gemspec
I, [2015-03-10T13:15:15.557662 #6152]  INFO -- : 0:  tilt (1.4.1) from /Users/adityanarayan/.rvm/gems/ruby-2.1.0/specifications/tilt-1.4.1.gemspec
I, [2015-03-10T13:15:15.558017 #6152]  INFO -- : 0:  sprockets (2.12.3) from /Users/adityanarayan/.rvm/gems/ruby-2.1.0/specifications/sprockets-2.12.3.gemspec
I, [2015-03-10T13:15:15.558389 #6152]  INFO -- : 0:  sprockets-rails (2.2.4) from /Users/adityanarayan/.rvm/gems/ruby-2.1.0/specifications/sprockets-rails-2.2.4.gemspec
I, [2015-03-10T13:15:15.558738 #6152]  INFO -- : 0:  rails (4.1.8) from /Users/adityanarayan/.rvm/gems/ruby-2.1.0/specifications/rails-4.1.8.gemspec
I, [2015-03-10T13:15:15.559106 #6152]  INFO -- : 0:  rb-fsevent (0.9.4) from /Users/adityanarayan/.rvm/gems/ruby-2.1.0/specifications/rb-fsevent-0.9.4.gemspec
I, [2015-03-10T13:15:15.559447 #6152]  INFO -- : 0:  rdoc (4.2.0) from /Users/adityanarayan/.rvm/gems/ruby-2.1.0/specifications/rdoc-4.2.0.gemspec
I, [2015-03-10T13:15:15.559757 #6152]  INFO -- : 0:  sass (3.2.19) from /Users/adityanarayan/.rvm/gems/ruby-2.1.0/specifications/sass-3.2.19.gemspec
I, [2015-03-10T13:15:15.560072 #6152]  INFO -- : 0:  sass-rails (4.0.5) from /Users/adityanarayan/.rvm/gems/ruby-2.1.0/specifications/sass-rails-4.0.5.gemspec
I, [2015-03-10T13:15:15.560409 #6152]  INFO -- : 0:  sdoc (0.4.1) from /Users/adityanarayan/.rvm/gems/ruby-2.1.0/specifications/sdoc-0.4.1.gemspec
I, [2015-03-10T13:15:15.560814 #6152]  INFO -- : 0:  spring (1.3.3) from /Users/adityanarayan/.rvm/gems/ruby-2.1.0/specifications/spring-1.3.3.gemspec
I, [2015-03-10T13:15:15.561179 #6152]  INFO -- : 0:  sqlite3 (1.3.10) from /Users/adityanarayan/.rvm/gems/ruby-2.1.0/specifications/sqlite3-1.3.10.gemspec
I, [2015-03-10T13:15:15.561518 #6152]  INFO -- : 0:  turbolinks (2.5.3) from /Users/adityanarayan/.rvm/gems/ruby-2.1.0/specifications/turbolinks-2.5.3.gemspec
I, [2015-03-10T13:15:15.561909 #6152]  INFO -- : 0:  uglifier (2.7.1) from /Users/adityanarayan/.rvm/gems/ruby-2.1.0/specifications/uglifier-2.7.1.gemspec
I, [2015-03-10T13:44:03.592772 #6528]  INFO -- : 0:  rake (10.4.2) from /Users/adityanarayan/.rvm/gems/ruby-2.1.0/specifications/rake-10.4.2.gemspec
I, [2015-03-10T13:44:03.606655 #6528]  INFO -- : 0:  i18n (0.7.0) from /Users/adityanarayan/.rvm/gems/ruby-2.1.0/specifications/i18n-0.7.0.gemspec
I, [2015-03-10T13:44:03.606961 #6528]  INFO -- : 0:  json (1.8.2) from /Users/adityanarayan/.rvm/gems/ruby-2.1.0/specifications/json-1.8.2.gemspec
I, [2015-03-10T13:44:03.607272 #6528]  INFO -- : 0:  minitest (5.5.1) from /Users/adityanarayan/.rvm/gems/ruby-2.1.0/specifications/minitest-5.5.1.gemspec
I, [2015-03-10T13:44:03.607558 #6528]  INFO -- : 0:  thread_safe (0.3.4) from /Users/adityanarayan/.rvm/gems/ruby-2.1.0/specifications/thread_safe-0.3.4.gemspec
I, [2015-03-10T13:44:03.607867 #6528]  INFO -- : 0:  tzinfo (1.2.2) from /Users/adityanarayan/.rvm/gems/ruby-2.1.0/specifications/tzinfo-1.2.2.gemspec
I, [2015-03-10T13:44:03.608131 #6528]  INFO -- : 0:  activesupport (4.1.8) from /Users/adityanarayan/.rvm/gems/ruby-2.1.0/specifications/activesupport-4.1.8.gemspec
I, [2015-03-10T13:44:03.608403 #6528]  INFO -- : 0:  builder (3.2.2) from /Users/adityanarayan/.rvm/gems/ruby-2.1.0/specifications/builder-3.2.2.gemspec
I, [2015-03-10T13:44:03.608658 #6528]  INFO -- : 0:  erubis (2.7.0) from /Users/adityanarayan/.rvm/gems/ruby-2.1.0/specifications/erubis-2.7.0.gemspec
I, [2015-03-10T13:44:03.608910 #6528]  INFO -- : 0:  actionview (4.1.8) from /Users/adityanarayan/.rvm/gems/ruby-2.1.0/specifications/actionview-4.1.8.gemspec
I, [2015-03-10T13:44:03.609156 #6528]  INFO -- : 0:  rack (1.5.2) from /Users/adityanarayan/.rvm/gems/ruby-2.1.0/specifications/rack-1.5.2.gemspec
I, [2015-03-10T13:44:03.609404 #6528]  INFO -- : 0:  rack-test (0.6.3) from /Users/adityanarayan/.rvm/gems/ruby-2.1.0/specifications/rack-test-0.6.3.gemspec
I, [2015-03-10T13:44:03.609644 #6528]  INFO -- : 0:  actionpack (4.1.8) from /Users/adityanarayan/.rvm/gems/ruby-2.1.0/specifications/actionpack-4.1.8.gemspec
I, [2015-03-10T13:44:03.609891 #6528]  INFO -- : 0:  mime-types (2.4.3) from /Users/adityanarayan/.rvm/gems/ruby-2.1.0/specifications/mime-types-2.4.3.gemspec
I, [2015-03-10T13:44:03.610135 #6528]  INFO -- : 0:  mail (2.6.3) from /Users/adityanarayan/.rvm/gems/ruby-2.1.0/specifications/mail-2.6.3.gemspec
I, [2015-03-10T13:44:03.610390 #6528]  INFO -- : 0:  actionmailer (4.1.8) from /Users/adityanarayan/.rvm/gems/ruby-2.1.0/specifications/actionmailer-4.1.8.gemspec
I, [2015-03-10T13:44:03.610665 #6528]  INFO -- : 0:  activemodel (4.1.8) from /Users/adityanarayan/.rvm/gems/ruby-2.1.0/specifications/activemodel-4.1.8.gemspec
I, [2015-03-10T13:44:03.610910 #6528]  INFO -- : 0:  arel (5.0.1.20140414130214) from /Users/adityanarayan/.rvm/gems/ruby-2.1.0/specifications/arel-5.0.1.20140414130214.gemspec
I, [2015-03-10T13:44:03.611164 #6528]  INFO -- : 0:  activerecord (4.1.8) from /Users/adityanarayan/.rvm/gems/ruby-2.1.0/specifications/activerecord-4.1.8.gemspec
I, [2015-03-10T13:44:03.611425 #6528]  INFO -- : 0:  coffee-script-source (1.9.1) from /Users/adityanarayan/.rvm/gems/ruby-2.1.0/specifications/coffee-script-source-1.9.1.gemspec
I, [2015-03-10T13:44:03.611687 #6528]  INFO -- : 0:  execjs (2.4.0) from /Users/adityanarayan/.rvm/gems/ruby-2.1.0/specifications/execjs-2.4.0.gemspec
I, [2015-03-10T13:44:03.611930 #6528]  INFO -- : 0:  coffee-script (2.3.0) from /Users/adityanarayan/.rvm/gems/ruby-2.1.0/specifications/coffee-script-2.3.0.gemspec
I, [2015-03-10T13:44:03.612222 #6528]  INFO -- : 0:  thor (0.19.1) from /Users/adityanarayan/.rvm/gems/ruby-2.1.0/specifications/thor-0.19.1.gemspec
I, [2015-03-10T13:44:03.612509 #6528]  INFO -- : 0:  railties (4.1.8) from /Users/adityanarayan/.rvm/gems/ruby-2.1.0/specifications/railties-4.1.8.gemspec
I, [2015-03-10T13:44:03.612761 #6528]  INFO -- : 0:  coffee-rails (4.0.1) from /Users/adityanarayan/.rvm/gems/ruby-2.1.0/specifications/coffee-rails-4.0.1.gemspec
I, [2015-03-10T13:44:03.613046 #6528]  INFO -- : 0:  hike (1.2.3) from /Users/adityanarayan/.rvm/gems/ruby-2.1.0/specifications/hike-1.2.3.gemspec
I, [2015-03-10T13:44:03.613311 #6528]  INFO -- : 0:  multi_json (1.11.0) from /Users/adityanarayan/.rvm/gems/ruby-2.1.0/specifications/multi_json-1.11.0.gemspec
I, [2015-03-10T13:44:03.613637 #6528]  INFO -- : 0:  jbuilder (2.2.11) from /Users/adityanarayan/.rvm/gems/ruby-2.1.0/specifications/jbuilder-2.2.11.gemspec
I, [2015-03-10T13:44:03.613901 #6528]  INFO -- : 0:  jquery-rails (3.1.2) from /Users/adityanarayan/.rvm/gems/ruby-2.1.0/specifications/jquery-rails-3.1.2.gemspec
I, [2015-03-10T13:44:03.614153 #6528]  INFO -- : 0:  puma (2.11.1) from /Users/adityanarayan/.rvm/gems/ruby-2.1.0/specifications/puma-2.11.1.gemspec
I, [2015-03-10T13:44:03.614396 #6528]  INFO -- : 0:  bundler (1.5.1) from /Users/adityanarayan/.rvm/gems/ruby-2.1.0@global/specifications/bundler-1.5.1.gemspec
I, [2015-03-10T13:44:03.614645 #6528]  INFO -- : 0:  tilt (1.4.1) from /Users/adityanarayan/.rvm/gems/ruby-2.1.0/specifications/tilt-1.4.1.gemspec
I, [2015-03-10T13:44:03.614911 #6528]  INFO -- : 0:  sprockets (2.12.3) from /Users/adityanarayan/.rvm/gems/ruby-2.1.0/specifications/sprockets-2.12.3.gemspec
I, [2015-03-10T13:44:03.615177 #6528]  INFO -- : 0:  sprockets-rails (2.2.4) from /Users/adityanarayan/.rvm/gems/ruby-2.1.0/specifications/sprockets-rails-2.2.4.gemspec
I, [2015-03-10T13:44:03.615463 #6528]  INFO -- : 0:  rails (4.1.8) from /Users/adityanarayan/.rvm/gems/ruby-2.1.0/specifications/rails-4.1.8.gemspec
I, [2015-03-10T13:44:03.615715 #6528]  INFO -- : 0:  rb-fsevent (0.9.4) from /Users/adityanarayan/.rvm/gems/ruby-2.1.0/specifications/rb-fsevent-0.9.4.gemspec
I, [2015-03-10T13:44:03.615981 #6528]  INFO -- : 0:  rdoc (4.2.0) from /Users/adityanarayan/.rvm/gems/ruby-2.1.0/specifications/rdoc-4.2.0.gemspec
I, [2015-03-10T13:44:03.616232 #6528]  INFO -- : 0:  sass (3.2.19) from /Users/adityanarayan/.rvm/gems/ruby-2.1.0/specifications/sass-3.2.19.gemspec
I, [2015-03-10T13:44:03.616535 #6528]  INFO -- : 0:  sass-rails (4.0.5) from /Users/adityanarayan/.rvm/gems/ruby-2.1.0/specifications/sass-rails-4.0.5.gemspec
I, [2015-03-10T13:44:03.616789 #6528]  INFO -- : 0:  sdoc (0.4.1) from /Users/adityanarayan/.rvm/gems/ruby-2.1.0/specifications/sdoc-0.4.1.gemspec
I, [2015-03-10T13:44:03.617026 #6528]  INFO -- : 0:  spring (1.3.3) from /Users/adityanarayan/.rvm/gems/ruby-2.1.0/specifications/spring-1.3.3.gemspec
I, [2015-03-10T13:44:03.617269 #6528]  INFO -- : 0:  sqlite3 (1.3.10) from /Users/adityanarayan/.rvm/gems/ruby-2.1.0/specifications/sqlite3-1.3.10.gemspec
I, [2015-03-10T13:44:03.617513 #6528]  INFO -- : 0:  turbolinks (2.5.3) from /Users/adityanarayan/.rvm/gems/ruby-2.1.0/specifications/turbolinks-2.5.3.gemspec
I, [2015-03-10T13:44:03.617794 #6528]  INFO -- : 0:  uglifier (2.7.1) from /Users/adityanarayan/.rvm/gems/ruby-2.1.0/specifications/uglifier-2.7.1.gemspec
